Using pre-set license
Built from '2020.2/release' branch; Version is '2020.2.2f1 (068178b99f32) revision 426360'; Using compiler version '192528614'; Build Type 'Release'
OS: 'Windows 10 Home; OS build 18363.1256; Version 1909; 64bit' Language: 'nl' Physical Memory: 16221 MB
BatchMode: 1, IsHumanControllingUs: 0, StartBugReporterOnCrash: 0, Is64bit: 1, IsPro: 0

 COMMAND LINE ARGUMENTS:
C:\Program Files\Unity\Hub\Editor\2020.2.2f1\Editor\Unity.exe
-adb2
-batchMode
-noUpm
-name
AssetImportWorker0
-projectPath
C:/Users/Delan/Documents/GitHub/ToyShooter/ToyShooter
-logFile
Logs/AssetImportWorker0.log
-srvPort
50183
Successfully changed project path to: C:/Users/Delan/Documents/GitHub/ToyShooter/ToyShooter
C:/Users/Delan/Documents/GitHub/ToyShooter/ToyShooter
Using Asset Import Pipeline V2.
Refreshing native plugins compatible for Editor in 38.58 ms, found 0 plugins.
Preloading 0 native plugins for Editor in 0.00 ms.
Initialize engine version: 2020.2.2f1 (068178b99f32)
[Subsystems] Discovering subsystems at path C:/Program Files/Unity/Hub/Editor/2020.2.2f1/Editor/Data/Resources/UnitySubsystems
[Subsystems] Discovering subsystems at path C:/Users/Delan/Documents/GitHub/ToyShooter/ToyShooter/Assets
GfxDevice: creating device client; threaded=0
Direct3D:
    Version:  Direct3D 11.0 [level 11.1]
    Renderer: NVIDIA GeForce RTX 2060 (ID=0x1f15)
    Vendor:   
    VRAM:     5980 MB
    Driver:   27.21.14.6192
Initialize mono
Mono path[0] = 'C:/Program Files/Unity/Hub/Editor/2020.2.2f1/Editor/Data/Managed'
Mono path[1] = 'C:/Program Files/Unity/Hub/Editor/2020.2.2f1/Editor/Data/MonoBleedingEdge/lib/mono/unityjit'
Mono config path = 'C:/Program Files/Unity/Hub/Editor/2020.2.2f1/Editor/Data/MonoBleedingEdge/etc'
Using monoOptions --debugger-agent=transport=dt_socket,embedding=1,server=y,suspend=n,address=127.0.0.1:56472
Begin MonoManager ReloadAssembly
Registering precompiled unity dll's ...
Register platform support module: C:/Program Files/Unity/Hub/Editor/2020.2.2f1/Editor/Data/PlaybackEngines/WebGLSupport/UnityEditor.WebGL.Extensions.dll
Register platform support module: C:/Program Files/Unity/Hub/Editor/2020.2.2f1/Editor/Data/PlaybackEngines/WindowsStandaloneSupport/UnityEditor.WindowsStandalone.Extensions.dll
Registered in 0.003507 seconds.
Native extension for WindowsStandalone target not found
Native extension for WebGL target not found
Refreshing native plugins compatible for Editor in 35.96 ms, found 0 plugins.
Preloading 0 native plugins for Editor in 0.00 ms.
Invoked RoslynAnalysisRunner static constructor.
RoslynAnalysisRunner will not be running.
RoslynAnalysisRunner has terminated.
Mono: successfully reloaded assembly
- Completed reload, in  1.576 seconds
Platform modules already initialized, skipping
Registering precompiled user dll's ...
Registered in 0.000917 seconds.
Begin MonoManager ReloadAssembly
Native extension for WindowsStandalone target not found
Native extension for WebGL target not found
Refreshing native plugins compatible for Editor in 0.27 ms, found 0 plugins.
Preloading 0 native plugins for Editor in 0.00 ms.
Invoked RoslynAnalysisRunner static constructor.
RoslynAnalysisRunner will not be running.
RoslynAnalysisRunner has terminated.
Mono: successfully reloaded assembly
- Completed reload, in  1.287 seconds
Platform modules already initialized, skipping
========================================================================
Worker process is ready to serve import requests
Launched and connected shader compiler UnityShaderCompiler.exe after 0.08 seconds
Refreshing native plugins compatible for Editor in 0.26 ms, found 0 plugins.
Preloading 0 native plugins for Editor in 0.00 ms.
Unloading 1099 Unused Serialized files (Serialized files now loaded: 0)
System memory in use before: 56.5 MB.
System memory in use after: 56.5 MB.

Unloading 10 unused Assets to reduce memory usage. Loaded Objects now: 1540.
Total: 2.720700 ms (FindLiveObjects: 0.161500 ms CreateObjectMapping: 0.165600 ms MarkObjects: 2.236900 ms  DeleteObjects: 0.155100 ms)

========================================================================
Received Import Request.
  path: Assets/Scenes
  artifactKey: Guid(86d63e6aeed74d447aa83a36ab0361f8) Importer(815301076,1909f56bfc062723c751e8b465ee728b)
Start importing Assets/Scenes using Guid(86d63e6aeed74d447aa83a36ab0361f8) Importer(815301076,1909f56bfc062723c751e8b465ee728b)  -> (artifact id: '8dc49a8ed11959de44b4654b4bec2327') in 0.011119 seconds
  Import took 0.013985 seconds .

========================================================================
Received Import Request.
  Time since last request: 4.690518 seconds.
  path: Assets/Scenes/Delano.unity
  artifactKey: Guid(5d8adfb641a71a54bbfcde1f7bdc582a) Importer(815301076,1909f56bfc062723c751e8b465ee728b)
Start importing Assets/Scenes/Delano.unity using Guid(5d8adfb641a71a54bbfcde1f7bdc582a) Importer(815301076,1909f56bfc062723c751e8b465ee728b)  -> (artifact id: 'a4f7e27157608fe311fa42bc4410402d') in 0.018209 seconds
  Import took 0.021245 seconds .

========================================================================
Received Import Request.
  Time since last request: 6.621160 seconds.
  path: Assets/Scenes/Yasmin.unity
  artifactKey: Guid(73859b132d8f30b428adb70571bcb5ed) Importer(815301076,1909f56bfc062723c751e8b465ee728b)
Start importing Assets/Scenes/Yasmin.unity using Guid(73859b132d8f30b428adb70571bcb5ed) Importer(815301076,1909f56bfc062723c751e8b465ee728b)  -> (artifact id: '83a6cc24451e4567592f7c77c7dfe61a') in 0.016690 seconds
  Import took 0.020229 seconds .

========================================================================
Received Import Request.
  Time since last request: 10.604086 seconds.
  path: Assets/Scenes/Dave.unity
  artifactKey: Guid(b0a32144ea4421d41bc282453b53b4bb) Importer(815301076,1909f56bfc062723c751e8b465ee728b)
Start importing Assets/Scenes/Dave.unity using Guid(b0a32144ea4421d41bc282453b53b4bb) Importer(815301076,1909f56bfc062723c751e8b465ee728b)  -> (artifact id: '3ba9321b7c5b9e4a7b6639507df08253') in 0.023217 seconds
  Import took 0.030515 seconds .

========================================================================
Received Import Request.
  Time since last request: 10.942929 seconds.
  path: Assets/Scenes/Tijani.unity
  artifactKey: Guid(e12904746afecf04ab2a3feae3d27b4e) Importer(815301076,1909f56bfc062723c751e8b465ee728b)
Start importing Assets/Scenes/Tijani.unity using Guid(e12904746afecf04ab2a3feae3d27b4e) Importer(815301076,1909f56bfc062723c751e8b465ee728b)  -> (artifact id: 'a432f8c2beb0627e24037ec679e08dc0') in 0.011531 seconds
  Import took 0.013735 seconds .

========================================================================
Received Import Request.
  Time since last request: 7.467954 seconds.
  path: Assets/Scenes/Deejay.unity
  artifactKey: Guid(48362c3d9093a9c4aaff9400d5472ba8) Importer(815301076,1909f56bfc062723c751e8b465ee728b)
Start importing Assets/Scenes/Deejay.unity using Guid(48362c3d9093a9c4aaff9400d5472ba8) Importer(815301076,1909f56bfc062723c751e8b465ee728b)  -> (artifact id: '71167b1b6c17f05cb4544fe024f6db5a') in 0.013149 seconds
  Import took 0.016463 seconds .

========================================================================
Received Import Request.
  Time since last request: 12.558822 seconds.
  path: Assets/NewBehaviourScript.cs
  artifactKey: Guid(b0020c2ef3aaddd4280a2c27dcf97199) Importer(815301076,1909f56bfc062723c751e8b465ee728b)
Start importing Assets/NewBehaviourScript.cs using Guid(b0020c2ef3aaddd4280a2c27dcf97199) Importer(815301076,1909f56bfc062723c751e8b465ee728b)  -> (artifact id: '33c794cd512ca030fac21b30e1cebe2c') in 0.053066 seconds
  Import took 0.055837 seconds .

========================================================================
Received Prepare
Registering precompiled user dll's ...
Registered in 0.001196 seconds.
Begin MonoManager ReloadAssembly
Native extension for WindowsStandalone target not found
Native extension for WebGL target not found
Refreshing native plugins compatible for Editor in 0.23 ms, found 0 plugins.
Preloading 0 native plugins for Editor in 0.00 ms.
Invoked RoslynAnalysisRunner static constructor.
RoslynAnalysisRunner will not be running.
RoslynAnalysisRunner has terminated.
Mono: successfully reloaded assembly
- Completed reload, in  1.278 seconds
Platform modules already initialized, skipping
Refreshing native plugins compatible for Editor in 0.31 ms, found 0 plugins.
Preloading 0 native plugins for Editor in 0.00 ms.
Unloading 1094 Unused Serialized files (Serialized files now loaded: 0)
System memory in use before: 56.5 MB.
System memory in use after: 56.6 MB.

Unloading 5 unused Assets to reduce memory usage. Loaded Objects now: 1542.
Total: 2.843200 ms (FindLiveObjects: 0.400600 ms CreateObjectMapping: 0.116500 ms MarkObjects: 2.249700 ms  DeleteObjects: 0.067900 ms)

========================================================================
Received Import Request.
  Time since last request: 7.972884 seconds.
  path: Assets
  artifactKey: Guid(00000000000000001000000000000000) Importer(815301076,1909f56bfc062723c751e8b465ee728b)
Start importing Assets using Guid(00000000000000001000000000000000) Importer(815301076,1909f56bfc062723c751e8b465ee728b)  -> (artifact id: '4a6e520b92ccfc61bcfa21a7bcab8468') in 0.012076 seconds
  Import took 0.014660 seconds .

========================================================================
Received Import Request.
  Time since last request: 0.006350 seconds.
  path: Assets
  artifactKey: Guid(00000000000000001000000000000000) Importer(815301076,1909f56bfc062723c751e8b465ee728b)
Start importing Assets using Guid(00000000000000001000000000000000) Importer(815301076,1909f56bfc062723c751e8b465ee728b)  -> (artifact id: '4a6e520b92ccfc61bcfa21a7bcab8468') in 0.002871 seconds
  Import took 0.005854 seconds .

========================================================================
Received Prepare
Registering precompiled user dll's ...
Registered in 0.002142 seconds.
Begin MonoManager ReloadAssembly
Native extension for WindowsStandalone target not found
Native extension for WebGL target not found
Refreshing native plugins compatible for Editor in 0.22 ms, found 0 plugins.
Preloading 0 native plugins for Editor in 0.00 ms.
Invoked RoslynAnalysisRunner static constructor.
RoslynAnalysisRunner will not be running.
RoslynAnalysisRunner has terminated.
Mono: successfully reloaded assembly
- Completed reload, in  1.167 seconds
Platform modules already initialized, skipping
Refreshing native plugins compatible for Editor in 1.07 ms, found 0 plugins.
Preloading 0 native plugins for Editor in 0.00 ms.
Unloading 1094 Unused Serialized files (Serialized files now loaded: 0)
System memory in use before: 56.6 MB.
System memory in use after: 56.7 MB.

Unloading 5 unused Assets to reduce memory usage. Loaded Objects now: 1544.
Total: 2.973700 ms (FindLiveObjects: 0.480900 ms CreateObjectMapping: 0.093000 ms MarkObjects: 2.329700 ms  DeleteObjects: 0.064800 ms)

========================================================================
Received Import Request.
  Time since last request: 23.787011 seconds.
  path: Assets/Art
  artifactKey: Guid(8ef029690b230374b8e2fede7b671549) Importer(815301076,1909f56bfc062723c751e8b465ee728b)
Start importing Assets/Art using Guid(8ef029690b230374b8e2fede7b671549) Importer(815301076,1909f56bfc062723c751e8b465ee728b)  -> (artifact id: '233dfd34c734b08803b2131ecca870b6') in 0.014295 seconds
  Import took 0.018187 seconds .

========================================================================
Received Import Request.
  Time since last request: 4.572224 seconds.
  path: Assets/Dev
  artifactKey: Guid(20b26116299df1b4e929b3c12afc550e) Importer(815301076,1909f56bfc062723c751e8b465ee728b)
Start importing Assets/Dev using Guid(20b26116299df1b4e929b3c12afc550e) Importer(815301076,1909f56bfc062723c751e8b465ee728b)  -> (artifact id: '70c546a5622e0c06286214318fdde2a7') in 0.012393 seconds
  Import took 0.015048 seconds .

========================================================================
Received Import Request.
  Time since last request: 0.004279 seconds.
  path: Assets/Dev
  artifactKey: Guid(20b26116299df1b4e929b3c12afc550e) Importer(815301076,1909f56bfc062723c751e8b465ee728b)
Start importing Assets/Dev using Guid(20b26116299df1b4e929b3c12afc550e) Importer(815301076,1909f56bfc062723c751e8b465ee728b)  -> (artifact id: '70c546a5622e0c06286214318fdde2a7') in 0.006483 seconds
  Import took 0.009251 seconds .

========================================================================
Received Import Request.
  Time since last request: 6.007378 seconds.
  path: Assets/Scene
  artifactKey: Guid(4cd208fade657cc43a65618090d19ec0) Importer(815301076,1909f56bfc062723c751e8b465ee728b)
Start importing Assets/Scene using Guid(4cd208fade657cc43a65618090d19ec0) Importer(815301076,1909f56bfc062723c751e8b465ee728b)  -> (artifact id: '83b12a317e7143b73632437dff668834') in 0.013319 seconds
  Import took 0.016461 seconds .

========================================================================
Received Import Request.
  Time since last request: 0.000684 seconds.
  path: Assets/Scene
  artifactKey: Guid(4cd208fade657cc43a65618090d19ec0) Importer(815301076,1909f56bfc062723c751e8b465ee728b)
Start importing Assets/Scene using Guid(4cd208fade657cc43a65618090d19ec0) Importer(815301076,1909f56bfc062723c751e8b465ee728b)  -> (artifact id: '83b12a317e7143b73632437dff668834') in 0.002568 seconds
  Import took 0.004926 seconds .

========================================================================
Received Import Request.
  Time since last request: 9.662075 seconds.
  path: Assets/Art/Models
  artifactKey: Guid(441b6de151cb9d54d838a54b225204b4) Importer(815301076,1909f56bfc062723c751e8b465ee728b)
Start importing Assets/Art/Models using Guid(441b6de151cb9d54d838a54b225204b4) Importer(815301076,1909f56bfc062723c751e8b465ee728b)  -> (artifact id: '39ab91c4711775f513760a0882c45d77') in 0.012686 seconds
  Import took 0.015595 seconds .

========================================================================
Received Import Request.
  Time since last request: 0.003993 seconds.
  path: Assets/Art/Models
  artifactKey: Guid(441b6de151cb9d54d838a54b225204b4) Importer(815301076,1909f56bfc062723c751e8b465ee728b)
Start importing Assets/Art/Models using Guid(441b6de151cb9d54d838a54b225204b4) Importer(815301076,1909f56bfc062723c751e8b465ee728b)  -> (artifact id: '39ab91c4711775f513760a0882c45d77') in 0.002799 seconds
  Import took 0.005088 seconds .

========================================================================
Received Import Request.
  Time since last request: 5.897601 seconds.
  path: Assets/Art/Textures
  artifactKey: Guid(827a0407af3f63d43b7db37fe53f0aa8) Importer(815301076,1909f56bfc062723c751e8b465ee728b)
Start importing Assets/Art/Textures using Guid(827a0407af3f63d43b7db37fe53f0aa8) Importer(815301076,1909f56bfc062723c751e8b465ee728b)  -> (artifact id: '0a3ff9b2dd32cbf4c03fd943e90325b5') in 0.013231 seconds
  Import took 0.016006 seconds .

========================================================================
Received Import Request.
  Time since last request: 0.000439 seconds.
  path: Assets/Art/Textures
  artifactKey: Guid(827a0407af3f63d43b7db37fe53f0aa8) Importer(815301076,1909f56bfc062723c751e8b465ee728b)
Start importing Assets/Art/Textures using Guid(827a0407af3f63d43b7db37fe53f0aa8) Importer(815301076,1909f56bfc062723c751e8b465ee728b)  -> (artifact id: '0a3ff9b2dd32cbf4c03fd943e90325b5') in 0.003739 seconds
  Import took 0.006913 seconds .

========================================================================
Received Import Request.
  Time since last request: 5.456177 seconds.
  path: Assets/Art/Misc
  artifactKey: Guid(b0f889f41eb6d1c42a5c9cc535bac14c) Importer(815301076,1909f56bfc062723c751e8b465ee728b)
Start importing Assets/Art/Misc using Guid(b0f889f41eb6d1c42a5c9cc535bac14c) Importer(815301076,1909f56bfc062723c751e8b465ee728b)  -> (artifact id: '47829bc49d69204686861af445c53346') in 0.010400 seconds
  Import took 0.012412 seconds .

========================================================================
Received Import Request.
  Time since last request: 6.606266 seconds.
  path: Assets/Dev/Scripts
  artifactKey: Guid(2275654eec16bd945bd9db2a56a6caee) Importer(815301076,1909f56bfc062723c751e8b465ee728b)
Start importing Assets/Dev/Scripts using Guid(2275654eec16bd945bd9db2a56a6caee) Importer(815301076,1909f56bfc062723c751e8b465ee728b)  -> (artifact id: '0082a17ee4550f4fa98fbaa6e82cc7fd') in 0.013535 seconds
  Import took 0.016324 seconds .

========================================================================
Received Import Request.
  Time since last request: 6.403602 seconds.
  path: Assets/Dev/Frameworks
  artifactKey: Guid(4afa3f9c6b7980e4ba853072ffeb789c) Importer(815301076,1909f56bfc062723c751e8b465ee728b)
Start importing Assets/Dev/Frameworks using Guid(4afa3f9c6b7980e4ba853072ffeb789c) Importer(815301076,1909f56bfc062723c751e8b465ee728b)  -> (artifact id: 'fe1f4006623c48c95fd82c7843c66777') in 0.012419 seconds
  Import took 0.015559 seconds .

========================================================================
Received Import Request.
  Time since last request: 0.000787 seconds.
  path: Assets/Dev/Frameworks
  artifactKey: Guid(4afa3f9c6b7980e4ba853072ffeb789c) Importer(815301076,1909f56bfc062723c751e8b465ee728b)
Start importing Assets/Dev/Frameworks using Guid(4afa3f9c6b7980e4ba853072ffeb789c) Importer(815301076,1909f56bfc062723c751e8b465ee728b)  -> (artifact id: 'fe1f4006623c48c95fd82c7843c66777') in 0.003792 seconds
  Import took 0.006768 seconds .

========================================================================
Received Import Request.
  Time since last request: 5.528103 seconds.
  path: Assets/Scene/Prefabs
  artifactKey: Guid(64370d8b9141bae488a1a1af399851c6) Importer(815301076,1909f56bfc062723c751e8b465ee728b)
Start importing Assets/Scene/Prefabs using Guid(64370d8b9141bae488a1a1af399851c6) Importer(815301076,1909f56bfc062723c751e8b465ee728b)  -> (artifact id: 'e3a76d7775b108e7cd4ed1d14ab8dda3') in 0.014517 seconds
  Import took 0.017710 seconds .

========================================================================
Received Import Request.
  Time since last request: 7.542342 seconds.
  path: Assets/Scene/Post Processing
  artifactKey: Guid(0384cf9f55e56c74bbb995be607b04bd) Importer(815301076,1909f56bfc062723c751e8b465ee728b)
Start importing Assets/Scene/Post Processing using Guid(0384cf9f55e56c74bbb995be607b04bd) Importer(815301076,1909f56bfc062723c751e8b465ee728b)  -> (artifact id: 'c098afb70f6f4749e091fd377b13d797') in 0.015409 seconds
  Import took 0.019908 seconds .

========================================================================
Received Import Request.
  Time since last request: 0.003766 seconds.
  path: Assets/Scene/Post Processing
  artifactKey: Guid(0384cf9f55e56c74bbb995be607b04bd) Importer(815301076,1909f56bfc062723c751e8b465ee728b)
Start importing Assets/Scene/Post Processing using Guid(0384cf9f55e56c74bbb995be607b04bd) Importer(815301076,1909f56bfc062723c751e8b465ee728b)  -> (artifact id: 'c098afb70f6f4749e091fd377b13d797') in 0.006220 seconds
  Import took 0.010037 seconds .

AssetImportWorkerClient::OnTransportError - code=2 error=End of file
